2016-09-14 12:12:33 INFO  Scenario_SG:32 - Executing the TestCase 1
2016-09-14 12:13:33 INFO  Scenario_SG:70 - Executing the TestCase 2
2016-09-14 12:14:27 INFO  Scenario_SG:107 - Executing the TestCase 3
2016-09-14 12:15:42 INFO  Scenario_SG:149 - Executing the TestCase 4
2016-09-14 12:16:15 INFO  Scenario_SG:161 - Safe Guard activation status is: Off
2016-09-14 12:16:35 INFO  Scenario_SG:181 - Executing the TestCase 4_1
2016-09-14 12:17:20 INFO  Scenario_SG:210 - Safe Guard activation status after reboot is: Off
2016-09-14 12:17:40 INFO  Scenario_SG:228 - Executing the TestCase 5
2016-09-14 12:20:12 INFO  Scenario_SG:310 - Executing the TestCase 6
2016-09-14 12:22:21 INFO  Scenario_SG:367 - Camera app is restricted to access, if the PIN is not re-entered after reaching home screen once
2016-09-14 12:22:41 INFO  Scenario_SG:393 - Executing the TestCase 7
2016-09-14 12:23:35 INFO  Scenario_SG:425 - Executing the TestCase 8
2016-09-14 12:23:57 INFO  Scenario_SG:495 - Executing the TestCase 9
2016-09-14 12:25:11 INFO  Scenario_SG:536 - Executing the TestCase 10
2016-09-14 12:25:37 INFO  Scenario_SG:581 - Executing the TestCase 11
2016-09-14 12:27:18 INFO  Scenario_SG:641 - Executing the TestCase 12
2016-09-14 12:27:44 INFO  Scenario_SG:686 - Executing the TestCase 13
2016-09-14 12:29:45 INFO  Scenario_SG:749 - Executing the TestCase 14
2016-09-14 12:30:11 INFO  Scenario_SG:798 - Executing the TestCase 15
2016-09-14 12:31:27 INFO  Scenario_SG:854 - Executing the TestCase 16
2016-09-14 12:31:53 INFO  Scenario_SG:906 - Executing the TestCase 17
2016-09-14 12:33:14 INFO  Scenario_SG:959 - Executing the TestCase 18
2016-09-14 12:34:30 INFO  Scenario_SG:1016 - Executing the TestCase 19
2016-09-14 12:35:49 INFO  Scenario_SG:1062 - Executing the TestCase 20
2016-09-14 12:37:29 INFO  Scenario_SG:1105 - Executing the TestCase 21
2016-09-14 12:38:23 INFO  Scenario_SG:1148 - Executing the TestCase 22
2016-09-14 12:40:17 INFO  Scenario_SG:1214 - Executing the TestCase 23
2016-09-14 12:41:33 INFO  Scenario_SG:1258 - Executing the TestCase 24
2016-09-14 12:42:47 INFO  Scenario_SG:1317 - Executing the TestCase 25
2016-09-14 12:44:09 INFO  Scenario_SG:1370 - Executing the TestCase 26
2016-09-14 12:45:30 INFO  Scenario_SG:1423 - Executing the TestCase 27
2016-09-14 12:46:46 INFO  Scenario_SG:1478 - Executing the TestCase 28
2016-09-14 12:48:04 INFO  Scenario_SG:1524 - Executing the TestCase 29
2016-09-14 12:49:21 INFO  Scenario_SG:1787 - Executing the TestCase 30
2016-09-14 12:50:35 INFO  Scenario_SG:1567 - Executing the TestCase 31
2016-09-14 12:53:33 INFO  Scenario_SG:1645 - Executing the TestCase 32
2016-09-14 12:56:37 INFO  Scenario_SG:1725 - Executing the TestCase 33
2016-09-14 12:58:32 INFO  Scenario_SG:1836 - Executing the TestCase 34
2016-09-14 12:59:25 INFO  Scenario_SG:1863 - Executing the TestCase 35
2016-09-14 13:00:36 INFO  Scenario_SG:1921 - Executing the TestCase 36
2016-09-14 13:01:46 INFO  Scenario_SG:1968 - Executing the TestCase 37
